<?xml version="1.0" encoding="UTF-8"?>
<!-- Generated by org.testng.reporters.JUnitReportReporter -->
<testsuite hostname="68NWHQ1" failures="0" tests="2" name="test" time="1.453" errors="0" timestamp="2018-09-21T16:54:48 BOT" skipped="0">
  <testcase classname="test" name="Login_Estafeta" time="1.014"/>
  <testcase classname="test" name="LogOut_Estafeta" time="0.439"/>
</testsuite> <!-- test -->
